[29/Mar/2020:19:17:07] (ℹ️): WordPress Instance Info:
[29/Mar/2020:19:17:07] (ℹ️): Home URL : https://michalasoendergaard.dk/storyscaping
[29/Mar/2020:19:17:07] (ℹ️): Site URL : https://michalasoendergaard.dk/storyscaping
[29/Mar/2020:19:17:07] (ℹ️): WordPress Version : 5.3.2
[29/Mar/2020:19:17:07] (ℹ️): Onboarding Version : 1.8.2
[29/Mar/2020:19:17:07] (ℹ️): Multisite : No
[29/Mar/2020:19:17:07] (ℹ️): Server Info : Apache
[29/Mar/2020:19:17:07] (ℹ️): PHP Version : 7.3.16
[29/Mar/2020:19:17:07] (ℹ️): HTTPS : Yes
[29/Mar/2020:19:17:07] (ℹ️): PHP Max Execution Time : 50
[29/Mar/2020:19:17:07] (ℹ️): PHP Max Input Vars : 5000
[29/Mar/2020:19:17:07] (ℹ️): Max Upload Size : 100663296
[29/Mar/2020:19:17:07] (ℹ️): Plugins:
[29/Mar/2020:19:17:07] (ℹ️): [PLUGIN] Elementor : v2.9.7 (Elementor.com)
[29/Mar/2020:19:17:07] (ℹ️): [PLUGIN] ElementsKit Lite : v1.5.0 (Wpmet)
[29/Mar/2020:19:17:07] (ℹ️): [PLUGIN] Essential Addons for Elementor : v3.9.1 (WPDeveloper)
[29/Mar/2020:19:17:07] (ℹ️): [PLUGIN] Flipbox - Awesomes Flip Boxes Image Overlay : v2.4 (Biplob Adhikari)
[29/Mar/2020:19:17:07] (ℹ️): [PLUGIN] WordPress News Plugin : v1.0.0 (Michala, Trine og Liv)
[29/Mar/2020:19:17:07] (ℹ️): [PLUGIN] Gutenberg Blocks and Template Library by Otter : v1.5.1 (ThemeIsle)
[29/Mar/2020:19:17:07] (ℹ️): [PLUGIN] Really Simple SSL : v3.3 (Rogier Lankhorst, Mark Wolters)
[29/Mar/2020:19:17:07] (ℹ️): [PLUGIN] Sticky Menu (or Anything!) on Scroll : v2.2 (WebFactory Ltd)
[29/Mar/2020:19:17:07] (ℹ️): [PLUGIN] Orbit Fox Companion : v2.9.4 (Themeisle)
[29/Mar/2020:19:17:07] (ℹ️): [PLUGIN] Unlimited Elements for Elementor : v1.4.26 (Unlimited Elements)
[29/Mar/2020:19:17:07] (ℹ️): [PLUGIN] WPFront Scroll Top : v2.0.2 (Syam Mohan)
